
=== Mon Mar  9 14:27:36 2020

Packages were changed.
Update Mode: mergeDefaultDependencies

The following packages were updated:
  com.unity.analytics from version 3.2.2 to 3.3.2
  com.unity.collab-proxy from version 1.2.9 to 1.2.16
  com.unity.package-manager-ui from version 2.1.1 to 2.1.2
  com.unity.purchasing from version 2.0.1 to 2.0.6
  com.unity.textmeshpro from version 1.3.0 to 2.0.1
  com.unity.timeline from version 0.0.0-builtin to 1.0.0

=== Mon Mar  9 15:27:14 2020

Packages were changed.
Update Mode: updateDependencies

The following packages were added:
  com.unity.2d.sprite@1.0.0
  com.unity.2d.tilemap@1.0.0
  com.unity.ide.rider@1.1.4
  com.unity.ide.vscode@1.1.4
  com.unity.modules.androidjni@1.0.0
  com.unity.test-framework@1.1.11
  com.unity.ugui@1.0.0
The following packages were updated:
  com.unity.analytics from version 3.3.2 to 3.3.5
  com.unity.timeline from version 1.0.0 to 1.2.6
The following packages were removed:
  com.unity.package-manager-ui@2.1.2

=== Mon Aug  3 17:05:27 2020

Packages were changed.
Update Mode: resetToDefaultDependencies

The following packages were updated:
  com.unity.timeline from version 1.2.6 to 1.2.12
The following packages were removed:
  com.unity.2d.sprite@1.0.0
  com.unity.2d.tilemap@1.0.0
  com.unity.ads@2.0.8
  com.unity.analytics@3.3.5
  com.unity.purchasing@2.0.6
  com.unity.shadergraph@7.1.8

=== Tue Aug 25 12:41:47 2020

Packages were changed.
Update Mode: updateDependencies

The following packages were added:
  com.unity.ide.visualstudio@2.0.2
The following packages were updated:
  com.unity.collab-proxy from version 1.2.16 to 1.3.8
  com.unity.ide.rider from version 1.1.4 to 1.2.1
  com.unity.ide.vscode from version 1.1.4 to 1.2.1
  com.unity.render-pipelines.high-definition from version 7.1.8 to 8.2.0
  com.unity.test-framework from version 1.1.11 to 1.1.16
  com.unity.textmeshpro from version 2.0.1 to 3.0.1

=== Sun Mar 20 19:07:49 2022

Packages were changed.
Update Mode: updateDependencies

The following packages were updated:
  com.unity.collab-proxy from version 1.3.9 to 1.13.5
  com.unity.ide.rider from version 1.2.1 to 3.0.7
  com.unity.ide.visualstudio from version 2.0.2 to 2.0.11
  com.unity.ide.vscode from version 1.2.1 to 1.2.4
  com.unity.render-pipelines.high-definition from version 8.2.0 to 12.1.0
  com.unity.test-framework from version 1.1.16 to 1.1.29
  com.unity.textmeshpro from version 3.0.1 to 3.0.6
  com.unity.timeline from version 1.3.5 to 1.6.2
